2.000000000e+00  5.00e+00
7.500000000e-01  1.56e+00
-2.916666667e-01  1.09e+00
1.568452381e+00  3.46e+00
4.654406117e-01  1.22e+00
-8.415306026e-01  1.71e+00
1.733901559e-01  1.03e+00
-2.796974974e+00  8.82e+00
-1.219722927e+00  2.49e+00
-1.999322995e-01  1.04e+00
2.400880393e+00  6.76e+00
9.921832581e-01  1.98e+00
-7.847533360e-03  1.00e+00
6.371036416e+01  4.06e+03
3.184733406e+01  1.02e+03
1.590796713e+01  2.54e+02
7.922552774e+00  6.38e+01
3.898165416e+00  1.62e+01
1.820817243e+00  4.32e+00
6.358066524e-01  1.40e+00
-4.684992666e-01  1.22e+00
8.329878964e-01  1.69e+00
-1.837548695e-01  1.03e+00
2.629138892e+00  7.91e+00
1.124393110e+00  2.26e+00
1.175122224e-01  1.01e+00
-4.196120445e+00  1.86e+01
-1.978902537e+00  4.92e+00
-7.367859702e-01  1.54e+00
3.102301433e-01  1.10e+00
-1.456591627e+00  3.12e+00
