1/√5 = 0.4472135954999579
4.472135955e-01  -3.58e-01
-4.472135955e-01  3.58e-01
4.472135955e-01  -3.58e-01
-4.472135955e-01  3.58e-01
4.472135955e-01  -3.58e-01
-4.472135955e-01  3.58e-01
4.472135955e-01  -3.58e-01
-4.472135955e-01  3.58e-01
4.472135955e-01  -3.58e-01
-4.472135955e-01  3.58e-01
4.472135955e-01  -3.58e-01
-4.472135955e-01  3.58e-01
4.472135955e-01  -3.58e-01
-4.472135955e-01  3.58e-01
4.472135955e-01  -3.58e-01
-4.472135955e-01  3.58e-01
4.472135955e-01  -3.58e-01
-4.472135955e-01  3.58e-01
4.472135955e-01  -3.58e-01
-4.472135955e-01  3.58e-01
4.472135955e-01  -3.58e-01
-4.472135955e-01  3.58e-01
4.472135955e-01  -3.58e-01
-4.472135955e-01  3.58e-01
4.472135955e-01  -3.58e-01
-4.472135955e-01  3.58e-01
4.472135955e-01  -3.58e-01
-4.472135955e-01  3.58e-01
4.472135955e-01  -3.58e-01
-4.472135955e-01  3.58e-01
4.472135955e-01  -3.58e-01
x = -0.4472135954999579, iter = 31
