[II CiDWeek - Semana de Ciência de dados](https://cidamo.com.br/II-CiDWeek/)
~~~<br>~~~
**Organização**, 
24 a 30 de Abril de 2021, Online, Brazil
~~~<br><br>~~~
[I CiDWeek - Semana de Ciência de dados](https://cidamo.com.br/CiDWeek/)
~~~<br>~~~
**Organização**, 
3 a 7 de Fevereiro de 2020, Curitiba/PR, Brazil
~~~<br><br>~~~
[Congresso Internacional de Biomassa - 4° Expo Biomassa](docs.google.com/presentation/d/e/2PACX-1vTExSw03IXqsEOOjWeFvvC0FLodFUw5RpIQJLNUALql9jWPjS6GG4fyVeRn3BqehrT5AmfpWYvR4Tpo/pub?start=true&loop=false&delayms=5000&slide=id.g5c57578bdc_0_1264)
~~~<br>~~~
_Otimização na Linguagem Julia_
**Palestra**, 
26 de Junho de 2019, Curitiba/PR, Brazil.
~~~<br><br>~~~
[Talk at PPGM - UFPR](/assets/2019-05-31-PPGM.ipynb)
~~~<br>~~~
_JuliaSmoothOptimizers_
**Talk**, 
May 31st, 2019, Curitiba/PR, Brazil.
~~~<br><br>~~~
[Invited talk at Université de Sherbrooke](/assets/2019-02-07-GERAD.tar.gz)
~~~<br>~~~
_Developing optimization software with JuliaSmoothOptimizers_
**Talk**, 
February 15th, 2019, Sherbrooke/QC, Canada.
~~~<br><br>~~~
[Modeling and optimization tools in Julia - An introduction to JuMP and JSO.](/assets/2019-02-07-GERAD.tar.gz)
~~~<br>~~~
_JuliaSmoothOptimizers_
**Talk**, 
February 7th, 2019, Montreal, Canada.
~~~<br><br>~~~
[XII Brazilian Workshop on Continuous Optimization.](/assets/2018-07-23-xiibrazopt.pdf)
~~~<br>~~~
_A Regularized Interior-Point Method for Constrained Nonlinear Least Squares_
**Talk**, 
July 23rd, 2018, Foz do Iguaçu/PR, Brasil.
~~~<br><br>~~~
[Second Annual JuMP-dev Workshop](/assets/2018-06-28-jump-dev.pdf)
~~~<br>~~~
_Developing new optimization methods with packages from the JuliaSmoothOptimzers organization_
**Talk**, 
June 28th, 2018, Université de Bordeaux, Bordeaux, France.
~~~<br><br>~~~
CODATA-RDA School of Research Data Science.
~~~<br>~~~
_The Unix Shell_
**Tutorial**, 
December 4th, 2017, ICPT-SAIFR/NCC-UNESP, São Paulo/SP, Brasil.
~~~<br><br>~~~
[Seminars on Convex Analysis and Optimization.](/assets/2017-12-01-ufsc.pdf)
~~~<br>~~~
_Otimização Não-Linear na Linguagem Julia_
**Talk**, 
December 1st, 2017, UFSC, Florianópolis/SC, Brazil.
~~~<br><br>~~~
[15th EUROPT Workshop on Advances in Continuous Optimization](/assets/2017-07-12-europt2017.pdf)
~~~<br>~~~
_Parameter Optimization in the Nonlinear Stepsize Control Framework for Trust-Region Methods_
**Talk**, 
July 12th, 2017, Montréal, Canada.
~~~<br><br>~~~
[IX Simpósio de Análise Numérica e Otimização](github.com/abelsiqueira/julia-simposio2017)
~~~<br>~~~
_Introdução à linguagem Julia_
**Tutorial**, 
February 20th to 22nd, 2017, UFPR, Curitiba, Brazil.
~~~<br><br>~~~
[I Simpósio de Métodos Numéricos em Engenharia](github.com/abelsiqueira/smne-2016-julia)
~~~<br>~~~
_Introdução à linguagem Julia_
**Tutorial**, 
November 30th to December 1st, 2016, UFPR, Curitiba, Brazil.
~~~<br><br>~~~
[XI Brazilian Workshop on Continuous Optimization.](/assets/brazopt-2016.pdf)
~~~<br>~~~
_Numerical Experience with a Class of Trust-Region Algorithms for Unconstrained Smooth Optimization_
**Talk**, 
May 23rd, 2016, UFAM, Manaus, Brazil
~~~<br><br>~~~
[2016 Optimization Days.](/assets/jopt-2016.pdf)
~~~<br>~~~
_A Workflow for Designing Optimization Methods in the Julia Language_
**Talk**, 
May 4th, 2016, HEC Montréal, Montreal, Canada.
~~~<br><br>~~~
VIII Simpósio de Análise Numérica e Otimização
~~~<br>~~~
_Otimização Não-Linear na Linguagem Julia_
**Tutorial**, 
2016, UFPR, Curitiba, PR, Brazil, nothing
~~~<br><br>~~~
Oficina de Ferramentas Computacionais
~~~<br>~~~
**Organizer**, 
Maio de 2015, UFPR, Curitiba, PR, Brazil
~~~<br><br>~~~
VII Simpósio de Análise Numérica e Otimização
~~~<br>~~~
_Ferramentas computacionais para pesquisadores_
**Talk**, 
2015, UFPR, Curitiba, PR, Brazil
~~~<br><br>~~~
X Brazilian Workshop on Continuous Optimization.
~~~<br>~~~
_Dynamic Control of Infeasibility for Nonlinear Programming_
**Talk**, 
2014, Florianópolis, SC, Brazil
~~~<br><br>~~~
26th European Conference on Operational Research.
~~~<br>~~~
_Dynamic Control of Infeasibility for Nonlinear Programming_
**Talk**, 
2013, Rome, Italy
~~~<br><br>~~~
11th EUROPT Workshop on Advances in Continuous Optimization
~~~<br>~~~
**Participation**, 
2013, Florence, Italy
~~~<br><br>~~~
