~~~
<p class="student">
<strong>Egmara Antunes</strong> <br>
&nbsp; <em style="font-variant: small-caps"> Otimização Não Linear</em> <br>
&nbsp; master <br>
&nbsp; 2018-10-01 -- 2020-08-26 <br>
</p>

<p class="student">
<strong>Leonardo Ferreira Luciano</strong> <br>
&nbsp; <em style="font-variant: small-caps"> Estudo de decomposições matriciais e suas relações com os subespaços da matriz</em> <br>
&nbsp; intern <br>
&nbsp; 2018-10-01 -- 2018-12-31 <br>
</p>

<p class="student">
<strong>Fillipe Rafael Bianek Pierin</strong> <br>
&nbsp; <em style="font-variant: small-caps"> Newton Modificado</em> <br>
&nbsp; intern <br>
&nbsp; 2018-03-01 -- 2018-12-01 <br>
&nbsp; <a href="/assets/alunos/2018/fillipe-pierin.pdf">Download</a><br>

</p>

<p class="student">
<strong>Thaiza Rafaele dos Santos Rievrs</strong> <br>
&nbsp; <em style="font-variant: small-caps"> Problema de Estoque e Roteirização com Transbordo</em> <br>
&nbsp; tcc <br>
&nbsp; 2018-03-16 -- 2018-12-13 <br>
&nbsp; <a href="/assets/alunos/2018/thaiza-rievrs.pdf">Download</a><br>

</p>

<p class="student">
<strong>Bruno Cezar Steinmetz</strong> <br>
&nbsp; <em style="font-variant: small-caps"> Cônicas e Suas Relações com Autovalores</em> <br>
&nbsp; intern <br>
&nbsp; 2015-04-01 -- 2015-12-01 <br>
&nbsp; <a href="/assets/alunos/2015/bruno-steinmetz.pdf">Download</a><br>

</p>

<p class="student">
<strong>Renan Oclides Domingues</strong> <br>
&nbsp; <em style="font-variant: small-caps"> Atualização LU no método Simplex</em> <br>
&nbsp; intern <br>
&nbsp; 2018-01-01 -- 2018-12-31 <br>
</p>

<p class="student">
<strong>Renan Oclides Domingues</strong> <br>
&nbsp; <em style="font-variant: small-caps"> Programação Não-Linear</em> <br>
&nbsp; intern <br>
&nbsp; 2017-02-01 -- 2017-12-31 <br>
</p>

<p class="student">
<strong>Renan Oclides Domingues</strong> <br>
&nbsp; <em style="font-variant: small-caps"> Método das Diferenças Finitas.</em> <br>
&nbsp; intern <br>
&nbsp; 2016-04-01 -- 2017-01-31 <br>
&nbsp; <a href="/assets/alunos/2016/renan-oclides.pdf">Download</a><br>

&nbsp; Co-orientado por <strong>Roberto Ribeiro</strong>.

</p>

<p class="student">
<strong>Renan Oclides Domingues</strong> <br>
&nbsp; <em style="font-variant: small-caps"> Teoria, Implementação e Comparação de Métodos de Integração Numérica.</em> <br>
&nbsp; intern <br>
&nbsp; 2015-03-01 -- 2016-03-31 <br>
&nbsp; <a href="/assets/alunos/2015/renan-oclides.pdf">Download</a><br>

</p>

<p class="student">
<strong>Francine Luise Milian Ribas</strong> <br>
&nbsp; <em style="font-variant: small-caps"> Métodos de Região de Confiança para Minimização Irrestrita</em> <br>
&nbsp; tcc <br>
&nbsp; 2015-07-01 -- 2017-07-04 <br>
&nbsp; <a href="/assets/alunos/2017/francine-milian.pdf">Download</a><br>

</p>

<p class="student">
<strong>Oksana Heringer da Silva</strong> <br>
&nbsp; <em style="font-variant: small-caps"> Métodos de Penalidade e o Lagrangiano Aumentado</em> <br>
&nbsp; tcc <br>
&nbsp; 2015-08-01 -- 2017-07-03 <br>
&nbsp; <a href="/assets/alunos/2017/oksana-heringer.pdf">Download</a><br>

</p>

<p class="student">
<strong>Adrean Cebola</strong> <br>
&nbsp; <em style="font-variant: small-caps"> Resolução de Programas Lineares com Método de Pontos Interiores</em> <br>
&nbsp; tcc <br>
&nbsp; 2016-06-01 -- 2017-06-27 <br>
&nbsp; <a href="/assets/alunos/2017/adrean-cebola.pdf">Download</a><br>

</p>

<p class="student">
<strong>Carlos Henrique Venturi Ronchi</strong> <br>
&nbsp; <em style="font-variant: small-caps"> Estudo Matemático de Reconhecimento de Caracteres</em> <br>
&nbsp; tcc <br>
&nbsp; 2016-05-01 -- 2017-05-16 <br>
&nbsp; <a href="/assets/alunos/2017/carlos-ronchi.pdf">Download</a><br>

</p>

~~~
